<?xml version="1.0" encoding="UTF-8"?>
<!-- Generated by org.testng.reporters.JUnitXMLReporter -->
<testsuite hostname="DESKTOP-QA7T95C" ignored="0" name="Test" tests="4" failures="0" timestamp="2022-03-17T22:33:22 IST" time="93.937" errors="0">
  <testcase name="validateLoginTest1" time="4.937" classname="testng.LoginPageTest"/>
  <testcase name="validateLoginTest1" time="4.978" classname="testng.LoginPageTest"/>
  <testcase name="validateLoginTest1" time="5.301" classname="testng.LoginPageTest"/>
  <testcase name="validateLoginTest1" time="4.885" classname="testng.LoginPageTest"/>
</testsuite> <!-- Test -->
