<?xml version="1.0" encoding="UTF-8"?>
<testng-results skipped="0" failed="0" ignored="0" total="1" passed="1">
  <reporter-output>
  </reporter-output>
  <suite name="Suite" duration-ms="56442" started-at="2022-03-11T22:30:23 IST" finished-at="2022-03-11T22:31:19 IST">
    <groups>
    </groups>
    <test name="Test" duration-ms="56442" started-at="2022-03-11T22:30:23 IST" finished-at="2022-03-11T22:31:19 IST">
      <class name="testng.LoginPageTest">
        <test-method status="PASS" signature="init(java.lang.String,java.lang.String)[pri:0, instance:testng.LoginPageTest@d44fc21]" name="init" is-config="true" duration-ms="40241" started-at="2022-03-11T22:30:23 IST" finished-at="2022-03-11T22:31:03 IST">
          <params>
            <param index="0">
              <value>
                <![CDATA[https://opensource-demo.orangehrmlive.com/]]>
              </value>
            </param>
            <param index="1">
              <value>
                <![CDATA[chrome]]>
              </value>
            </param>
          </params>
          <reporter-output>
          </reporter-output>
        </test-method> <!-- init -->
        <test-method status="PASS" signature="validateLoginTest()[pri:0, instance:testng.LoginPageTest@d44fc21]" name="validateLoginTest" duration-ms="12041" started-at="2022-03-11T22:31:03 IST" finished-at="2022-03-11T22:31:15 IST">
          <reporter-output>
          </reporter-output>
        </test-method> <!-- validateLoginTest -->
        <test-method status="PASS" signature="closeResources()[pri:0, instance:testng.LoginPageTest@d44fc21]" name="closeResources" is-config="true" duration-ms="3991" started-at="2022-03-11T22:31:15 IST" finished-at="2022-03-11T22:31:19 IST">
          <reporter-output>
          </reporter-output>
        </test-method> <!-- closeResources -->
      </class> <!-- testng.LoginPageTest -->
    </test> <!-- Test -->
  </suite> <!-- Suite -->
</testng-results>
